Start testing: Oct 07 19:07 CST
----------------------------------------------------------
Unable to find executable: /home/jcbjcbjc/Documents/Assignment/CS144/cmake-build-debug/tests/byte_stream_construction
26/169 Testing: t_byte_stream_construction
26/169 Test: t_byte_stream_construction
Command: ""
Directory: /home/jcbjcbjc/Documents/Assignment/CS144/cmake-build-debug
"t_byte_stream_construction" start time: 
Output:
----------------------------------------------------------
<end of output>
Test time =   0.00 sec
----------------------------------------------------------
Test Passed.
"t_byte_stream_construction" end time: Oct 07 19:07 CST
"t_byte_stream_construction" time elapsed: 00:00:00
----------------------------------------------------------

Unable to find executable: /home/jcbjcbjc/Documents/Assignment/CS144/cmake-build-debug/tests/byte_stream_one_write
27/169 Testing: t_byte_stream_one_write
27/169 Test: t_byte_stream_one_write
Command: ""
Directory: /home/jcbjcbjc/Documents/Assignment/CS144/cmake-build-debug
"t_byte_stream_one_write" start time: 
Output:
----------------------------------------------------------
<end of output>
Test time =   0.00 sec
----------------------------------------------------------
Test Passed.
"t_byte_stream_one_write" end time: Oct 07 19:07 CST
"t_byte_stream_one_write" time elapsed: 00:00:00
----------------------------------------------------------

Unable to find executable: /home/jcbjcbjc/Documents/Assignment/CS144/cmake-build-debug/tests/byte_stream_two_writes
28/169 Testing: t_byte_stream_two_writes
28/169 Test: t_byte_stream_two_writes
Command: ""
Directory: /home/jcbjcbjc/Documents/Assignment/CS144/cmake-build-debug
"t_byte_stream_two_writes" start time: 
Output:
----------------------------------------------------------
<end of output>
Test time =   0.00 sec
----------------------------------------------------------
Test Passed.
"t_byte_stream_two_writes" end time: Oct 07 19:07 CST
"t_byte_stream_two_writes" time elapsed: 00:00:00
----------------------------------------------------------

Unable to find executable: /home/jcbjcbjc/Documents/Assignment/CS144/cmake-build-debug/tests/byte_stream_capacity
29/169 Testing: t_byte_stream_capacity
29/169 Test: t_byte_stream_capacity
Command: ""
Directory: /home/jcbjcbjc/Documents/Assignment/CS144/cmake-build-debug
"t_byte_stream_capacity" start time: 
Output:
----------------------------------------------------------
<end of output>
Test time =   0.00 sec
----------------------------------------------------------
Test Passed.
"t_byte_stream_capacity" end time: Oct 07 19:07 CST
"t_byte_stream_capacity" time elapsed: 00:00:00
----------------------------------------------------------

Unable to find executable: /home/jcbjcbjc/Documents/Assignment/CS144/cmake-build-debug/tests/byte_stream_many_writes
30/169 Testing: t_byte_stream_many_writes
30/169 Test: t_byte_stream_many_writes
Command: ""
Directory: /home/jcbjcbjc/Documents/Assignment/CS144/cmake-build-debug
"t_byte_stream_many_writes" start time: 
Output:
----------------------------------------------------------
<end of output>
Test time =   0.00 sec
----------------------------------------------------------
Test Passed.
"t_byte_stream_many_writes" end time: Oct 07 19:07 CST
"t_byte_stream_many_writes" time elapsed: 00:00:00
----------------------------------------------------------

31/169 Testing: t_webget
31/169 Test: t_webget
Command: "/home/jcbjcbjc/Documents/Assignment/CS144/tests/webget_t.sh"
Directory: /home/jcbjcbjc/Documents/Assignment/CS144/cmake-build-debug
"t_webget" start time: Oct 07 19:07 CST
Output:
----------------------------------------------------------
Function called: get_URL(cs144.keithw.org, /nph-hasher/xyzzy).
Warning: get_URL() has not been implemented yet.
HTTP/1.1 200 OK
Content-type: text/plain

7SmXqWkrLKzVBCEalbSPqBcvs11Pw263K7x4Wv3JckI
<end of output>
Test time =   1.09 sec
----------------------------------------------------------
Test Passed.
"t_webget" end time: Oct 07 19:07 CST
"t_webget" time elapsed: 00:00:01
----------------------------------------------------------

Unable to find executable: /home/jcbjcbjc/Documents/Assignment/CS144/cmake-build-debug/doctests/address_dt
53/169 Testing: t_address_dt
53/169 Test: t_address_dt
Command: ""
Directory: /home/jcbjcbjc/Documents/Assignment/CS144/cmake-build-debug
"t_address_dt" start time: 
Output:
----------------------------------------------------------
<end of output>
Test time =   0.00 sec
----------------------------------------------------------
Test Passed.
"t_address_dt" end time: Oct 07 19:07 CST
"t_address_dt" time elapsed: 00:00:00
----------------------------------------------------------

Unable to find executable: /home/jcbjcbjc/Documents/Assignment/CS144/cmake-build-debug/doctests/parser_dt
54/169 Testing: t_parser_dt
54/169 Test: t_parser_dt
Command: ""
Directory: /home/jcbjcbjc/Documents/Assignment/CS144/cmake-build-debug
"t_parser_dt" start time: 
Output:
----------------------------------------------------------
<end of output>
Test time =   0.00 sec
----------------------------------------------------------
Test Passed.
"t_parser_dt" end time: Oct 07 19:07 CST
"t_parser_dt" time elapsed: 00:00:00
----------------------------------------------------------

Unable to find executable: /home/jcbjcbjc/Documents/Assignment/CS144/cmake-build-debug/doctests/socket_dt
55/169 Testing: t_socket_dt
55/169 Test: t_socket_dt
Command: ""
Directory: /home/jcbjcbjc/Documents/Assignment/CS144/cmake-build-debug
"t_socket_dt" start time: 
Output:
----------------------------------------------------------
<end of output>
Test time =   0.00 sec
----------------------------------------------------------
Test Passed.
"t_socket_dt" end time: Oct 07 19:07 CST
"t_socket_dt" time elapsed: 00:00:00
----------------------------------------------------------

End testing: Oct 07 19:07 CST
